Build started 16/03/2015 13:56:12.
     1>Project "C:\Users\liam\Google Drive\programing\4374_Task1c_Skeleton\Project_VS13.vcxproj" on node 2 (Build target(s)).
     1>ClCompile:
         C:\Program Files (x86)\Microsoft Visual Studio 12.0\VC\bin\CL.exe /c /Zi /nologo /W3 /WX- /sdl- /O2 /Ob2 /Oi /Ot /Oy- /GL /D _MBCS /Gm- /EHsc /MD /GS /Gy /arch:AVX2 /fp:fast /Zc:wchar_t /Zc:forScope /Fo"Release\\" /Fd"Release\vc120.pdb" /Gr /TP /analyze- /errorReport:prompt 4374_Task1c_Skeleton.cpp
         4374_Task1c_Skeleton.cpp
     1>4374_Task1c_Skeleton.cpp(64): warning C4007: 'main' : must be '__cdecl'
     1>4374_Task1c_Skeleton.cpp(287): warning C4996: 'getch': The POSIX name for this item is deprecated. Instead, use the ISO C++ conformant name: _getch. See online help for details.
                 C:\Program Files (x86)\Microsoft Visual Studio 12.0\VC\include\conio.h(131) : see declaration of 'getch'
     1>4374_Task1c_Skeleton.cpp(289): warning C4996: 'getch': The POSIX name for this item is deprecated. Instead, use the ISO C++ conformant name: _getch. See online help for details.
                 C:\Program Files (x86)\Microsoft Visual Studio 12.0\VC\include\conio.h(131) : see declaration of 'getch'
       Link:
         C:\Program Files (x86)\Microsoft Visual Studio 12.0\VC\bin\link.exe /ERRORREPORT:PROMPT /OUT:"C:\Users\liam\Google Drive\programing\4374_Task1c_Skeleton\Release\Project_VS13.exe" /NOLOGO kernel32.lib user32.lib gdi32.lib winspool.lib comdlg32.lib advapi32.lib shell32.lib ole32.lib oleaut32.lib uuid.lib odbc32.lib odbccp32.lib /MANIFEST /MANIFESTUAC:"level='asInvoker' uiAccess='false'" /manifest:embed /DEBUG /PDB:"C:\Users\liam\Google Drive\programing\4374_Task1c_Skeleton\Release\Project_VS13.pdb" /OPT:REF /OPT:ICF /LTCG /TLBID:1 /DYNAMICBASE /NXCOMPAT /IMPLIB:"C:\Users\liam\Google Drive\programing\4374_Task1c_Skeleton\Release\Project_VS13.lib" /MACHINE:X86 /SAFESEH Release\4374_Task1c_Skeleton.obj
         Release\ConsoleUtils.obj
         Release\RandomUtils.obj
         Release\TimeUtils.obj
         Generating code
         Finished generating code
         Project_VS13.vcxproj -> C:\Users\liam\Google Drive\programing\4374_Task1c_Skeleton\Release\Project_VS13.exe
     1>Done Building Project "C:\Users\liam\Google Drive\programing\4374_Task1c_Skeleton\Project_VS13.vcxproj" (Build target(s)).

Build succeeded.

Time Elapsed 00:00:01.48
